# JRE version: OpenJDK Runtime Environment (8.0_242-b01) (build 1.8.0_242-release-1644-b01)
# Java VM: OpenJDK 64-Bit Server VM (25.242-b01 mixed mode windows-amd64 compressed oops)
Heap:
 PSYoungGen      total 456704K, used 121764K [0x00000000d5580000, 0x00000000f6400000, 0x0000000100000000)
  eden space 389632K, 14% used [0x00000000d5580000,0x00000000d8d3a038,0x00000000ed200000)
  from space 67072K, 96% used [0x00000000ed200000,0x00000000f112f2a0,0x00000000f1380000)
  to   space 69632K, 0% used [0x00000000f1380000,0x00000000f1380000,0x00000000f5780000)
 ParOldGen       total 152064K, used 117655K [0x0000000080000000, 0x0000000089480000, 0x00000000d5580000)
  object space 152064K, 77% used [0x0000000080000000,0x00000000872e5cb8,0x0000000089480000)
 Metaspace       used 122526K, capacity 132433K, committed 132776K, reserved 1165312K
  class space    used 15769K, capacity 17495K, committed 17600K, reserved 1048576K
GC Heap History (10 events):
Event: 14367.087 GC heap before
{Heap before GC invocations=73 (full 4):
 PSYoungGen      total 426496K, used 367456K [0x00000000d5580000, 0x00000000f4600000, 0x0000000100000000)
  eden space 354816K, 100% used [0x00000000d5580000,0x00000000eb000000,0x00000000eb000000)
  from space 71680K, 17% used [0x00000000f0000000,0x00000000f0c58020,0x00000000f4600000)
  to   space 76800K, 0% used [0x00000000eb000000,0x00000000eb000000,0x00000000efb00000)
 ParOldGen       total 152064K, used 117615K [0x0000000080000000, 0x0000000089480000, 0x00000000d5580000)
  object space 152064K, 77% used [0x0000000080000000,0x00000000872dbcb8,0x0000000089480000)
 Metaspace       used 109762K, capacity 118925K, committed 119080K, reserved 1153024K
  class space    used 14349K, capacity 15904K, committed 15936K, reserved 1048576K
Event: 14367.294 GC heap after
Heap after GC invocations=73 (full 4):
 PSYoungGen      total 431616K, used 10599K [0x00000000d5580000, 0x00000000f5780000, 0x0000000100000000)
  eden space 354816K, 0% used [0x00000000d5580000,0x00000000d5580000,0x00000000eb000000)
  from space 76800K, 13% used [0x00000000eb000000,0x00000000eba59ff8,0x00000000efb00000)
  to   space 75264K, 0% used [0x00000000f0e00000,0x00000000f0e00000,0x00000000f5780000)
 ParOldGen       total 152064K, used 117623K [0x0000000080000000, 0x0000000089480000, 0x00000000d5580000)
  object space 152064K, 77% used [0x0000000080000000,0x00000000872ddcb8,0x0000000089480000)
 Metaspace       used 109762K, capacity 118925K, committed 119080K, reserved 1153024K
  class space    used 14349K, capacity 15904K, committed 15936K, reserved 1048576K
}
Event: 14876.787 GC heap before
{Heap before GC invocations=74 (full 4):
 PSYoungGen      total 431616K, used 365415K [0x00000000d5580000, 0x00000000f5780000, 0x0000000100000000)
  eden space 354816K, 100% used [0x00000000d5580000,0x00000000eb000000,0x00000000eb000000)
  from space 76800K, 13% used [0x00000000eb000000,0x00000000eba59ff8,0x00000000efb00000)
  to   space 75264K, 0% used [0x00000000f0e00000,0x00000000f0e00000,0x00000000f5780000)
 ParOldGen       total 152064K, used 117623K [0x0000000080000000, 0x0000000089480000, 0x00000000d5580000)
  object space 152064K, 77% used [0x0000000080000000,0x00000000872ddcb8,0x0000000089480000)
 Metaspace       used 109911K, capacity 118943K, committed 119080K, reserved 1153024K
  class space    used 14352K, capacity 15907K, committed 15936K, reserved 1048576K
Event: 14876.906 GC heap after
Heap after GC invocations=74 (full 4):
 PSYoungGen      total 440832K, used 9520K [0x00000000d5580000, 0x00000000f5100000, 0x0000000100000000)
  eden space 372224K, 0% used [0x00000000d5580000,0x00000000d5580000,0x00000000ec100000)
  from space 68608K, 13% used [0x00000000f0e00000,0x00000000f174c090,0x00000000f5100000)
  to   space 73728K, 0% used [0x00000000ec100000,0x00000000ec100000,0x00000000f0900000)
 ParOldGen       total 152064K, used 117631K [0x0000000080000000, 0x0000000089480000, 0x00000000d5580000)
  object space 152064K, 77% used [0x0000000080000000,0x00000000872dfcb8,0x0000000089480000)
 Metaspace       used 109911K, capacity 118943K, committed 119080K, reserved 1153024K
  class space    used 14352K, capacity 15907K, committed 15936K, reserved 1048576K
}
Event: 15571.595 GC heap before
{Heap before GC invocations=75 (full 4):
 PSYoungGen      total 440832K, used 381744K [0x00000000d5580000, 0x00000000f5100000, 0x0000000100000000)
  eden space 372224K, 100% used [0x00000000d5580000,0x00000000ec100000,0x00000000ec100000)
  from space 68608K, 13% used [0x00000000f0e00000,0x00000000f174c090,0x00000000f5100000)
  to   space 73728K, 0% used [0x00000000ec100000,0x00000000ec100000,0x00000000f0900000)
 ParOldGen       total 152064K, used 117631K [0x0000000080000000, 0x0000000089480000, 0x00000000d5580000)
  object space 152064K, 77% used [0x0000000080000000,0x00000000872dfcb8,0x0000000089480000)
 Metaspace       used 119726K, capacity 129615K, committed 129960K, reserved 1161216K
  class space    used 15503K, capacity 17232K, committed 17344K, reserved 1048576K
Event: 15572.063 GC heap after
Heap after GC invocations=75 (full 4):
 PSYoungGen      total 445952K, used 28378K [0x00000000d5580000, 0x00000000f5780000, 0x0000000100000000)
  eden space 372224K, 0% used [0x00000000d5580000,0x00000000d5580000,0x00000000ec100000)
  from space 73728K, 38% used [0x00000000ec100000,0x00000000edcb6a58,0x00000000f0900000)
  to   space 69632K, 0% used [0x00000000f1380000,0x00000000f1380000,0x00000000f5780000)
 ParOldGen       total 152064K, used 117639K [0x0000000080000000, 0x0000000089480000, 0x00000000d5580000)
  object space 152064K, 77% used [0x0000000080000000,0x00000000872e1cb8,0x0000000089480000)
 Metaspace       used 119726K, capacity 129615K, committed 129960K, reserved 1161216K
  class space    used 15503K, capacity 17232K, committed 17344K, reserved 1048576K
}
Event: 15574.633 GC heap before
{Heap before GC invocations=76 (full 4):
 PSYoungGen      total 445952K, used 400602K [0x00000000d5580000, 0x00000000f5780000, 0x0000000100000000)
  eden space 372224K, 100% used [0x00000000d5580000,0x00000000ec100000,0x00000000ec100000)
  from space 73728K, 38% used [0x00000000ec100000,0x00000000edcb6a58,0x00000000f0900000)
  to   space 69632K, 0% used [0x00000000f1380000,0x00000000f1380000,0x00000000f5780000)
 ParOldGen       total 152064K, used 117639K [0x0000000080000000, 0x0000000089480000, 0x00000000d5580000)
  object space 152064K, 77% used [0x0000000080000000,0x00000000872e1cb8,0x0000000089480000)
 Metaspace       used 119780K, capacity 129679K, committed 129960K, reserved 1161216K
  class space    used 15503K, capacity 17232K, committed 17344K, reserved 1048576K
Event: 15574.834 GC heap after
Heap after GC invocations=76 (full 4):
 PSYoungGen      total 459264K, used 30665K [0x00000000d5580000, 0x00000000f6400000, 0x0000000100000000)
  eden space 389632K, 0% used [0x00000000d5580000,0x00000000d5580000,0x00000000ed200000)
  from space 69632K, 44% used [0x00000000f1380000,0x00000000f3172420,0x00000000f5780000)
  to   space 67072K, 0% used [0x00000000ed200000,0x00000000ed200000,0x00000000f1380000)
 ParOldGen       total 152064K, used 117647K [0x0000000080000000, 0x0000000089480000, 0x00000000d5580000)
  object space 152064K, 77% used [0x0000000080000000,0x00000000872e3cb8,0x0000000089480000)
 Metaspace       used 119780K, capacity 129679K, committed 129960K, reserved 1161216K
  class space    used 15503K, capacity 17232K, committed 17344K, reserved 1048576K
}
Event: 15663.628 GC heap before
{Heap before GC invocations=77 (full 4):
 PSYoungGen      total 459264K, used 420297K [0x00000000d5580000, 0x00000000f6400000, 0x0000000100000000)
  eden space 389632K, 100% used [0x00000000d5580000,0x00000000ed200000,0x00000000ed200000)
  from space 69632K, 44% used [0x00000000f1380000,0x00000000f3172420,0x00000000f5780000)
  to   space 67072K, 0% used [0x00000000ed200000,0x00000000ed200000,0x00000000f1380000)
 ParOldGen       total 152064K, used 117647K [0x0000000080000000, 0x0000000089480000, 0x00000000d5580000)
  object space 152064K, 77% used [0x0000000080000000,0x00000000872e3cb8,0x0000000089480000)
 Metaspace       used 122321K, capacity 132205K, committed 132520K, reserved 1165312K
  class space    used 15750K, capacity 17489K, committed 17600K, reserved 1048576K
Event: 15663.953 GC heap after
Heap after GC invocations=77 (full 4):
 PSYoungGen      total 456704K, used 64700K [0x00000000d5580000, 0x00000000f6400000, 0x0000000100000000)
  eden space 389632K, 0% used [0x00000000d5580000,0x00000000d5580000,0x00000000ed200000)
  from space 67072K, 96% used [0x00000000ed200000,0x00000000f112f2a0,0x00000000f1380000)
  to   space 69632K, 0% used [0x00000000f1380000,0x00000000f1380000,0x00000000f5780000)
 ParOldGen       total 152064K, used 117655K [0x0000000080000000, 0x0000000089480000, 0x00000000d5580000)
  object space 152064K, 77% used [0x0000000080000000,0x00000000872e5cb8,0x0000000089480000)
 Metaspace       used 122321K, capacity 132205K, committed 132520K, reserved 1165312K
  class space    used 15750K, capacity 17489K, committed 17600K, reserved 1048576K
}

