# JRE version: OpenJDK Runtime Environment (8.0_242-b01) (build 1.8.0_242-release-1644-b01)
# Java VM: OpenJDK 64-Bit Server VM (25.242-b01 mixed mode windows-amd64 compressed oops)
Heap:
 PSYoungGen      total 278528K, used 215001K [0x00000000d5580000, 0x00000000e8180000, 0x0000000100000000)
  eden space 259584K, 82% used [0x00000000d5580000,0x00000000e2776488,0x00000000e5300000)
  from space 18944K, 0% used [0x00000000e5c80000,0x00000000e5c80000,0x00000000e6f00000)
  to   space 16384K, 0% used [0x00000000e7180000,0x00000000e7180000,0x00000000e8180000)
 ParOldGen       total 119808K, used 109196K [0x0000000080000000, 0x0000000087500000, 0x00000000d5580000)
  object space 119808K, 91% used [0x0000000080000000,0x0000000086aa3108,0x0000000087500000)
 Metaspace       used 84830K, capacity 89318K, committed 91800K, reserved 1128448K
  class space    used 11438K, capacity 12298K, committed 12976K, reserved 1048576K
GC Heap History (10 events):
Event: 21.761 GC heap before
{Heap before GC invocations=20 (full 3):
 PSYoungGen      total 275968K, used 275936K [0x00000000d5580000, 0x00000000e8180000, 0x0000000100000000)
  eden space 259584K, 100% used [0x00000000d5580000,0x00000000e5300000,0x00000000e5300000)
  from space 16384K, 99% used [0x00000000e7180000,0x00000000e81780e8,0x00000000e8180000)
  to   space 18944K, 0% used [0x00000000e5c80000,0x00000000e5c80000,0x00000000e6f00000)
 ParOldGen       total 103936K, used 53718K [0x0000000080000000, 0x0000000086580000, 0x00000000d5580000)
  object space 103936K, 51% used [0x0000000080000000,0x0000000083475bc0,0x0000000086580000)
 Metaspace       used 77907K, capacity 82554K, committed 82712K, reserved 1120256K
  class space    used 10604K, capacity 11446K, committed 11568K, reserved 1048576K
Event: 21.809 GC heap after
Heap after GC invocations=20 (full 3):
 PSYoungGen      total 278528K, used 18938K [0x00000000d5580000, 0x00000000e8180000, 0x0000000100000000)
  eden space 259584K, 0% used [0x00000000d5580000,0x00000000d5580000,0x00000000e5300000)
  from space 18944K, 99% used [0x00000000e5c80000,0x00000000e6efea70,0x00000000e6f00000)
  to   space 16384K, 0% used [0x00000000e7180000,0x00000000e7180000,0x00000000e8180000)
 ParOldGen       total 103936K, used 83045K [0x0000000080000000, 0x0000000086580000, 0x00000000d5580000)
  object space 103936K, 79% used [0x0000000080000000,0x0000000085119400,0x0000000086580000)
 Metaspace       used 77907K, capacity 82554K, committed 82712K, reserved 1120256K
  class space    used 10604K, capacity 11446K, committed 11568K, reserved 1048576K
}
Event: 23.239 GC heap before
{Heap before GC invocations=21 (full 3):
 PSYoungGen      total 278528K, used 278522K [0x00000000d5580000, 0x00000000e8180000, 0x0000000100000000)
  eden space 259584K, 100% used [0x00000000d5580000,0x00000000e5300000,0x00000000e5300000)
  from space 18944K, 99% used [0x00000000e5c80000,0x00000000e6efea70,0x00000000e6f00000)
  to   space 16384K, 0% used [0x00000000e7180000,0x00000000e7180000,0x00000000e8180000)
 ParOldGen       total 103936K, used 83047K [0x0000000080000000, 0x0000000086580000, 0x00000000d5580000)
  object space 103936K, 79% used [0x0000000080000000,0x0000000085119d00,0x0000000086580000)
 Metaspace       used 84715K, capacity 90682K, committed 90776K, reserved 1126400K
  class space    used 11740K, capacity 12894K, committed 12976K, reserved 1048576K
Event: 23.381 GC heap after
Heap after GC invocations=21 (full 3):
 PSYoungGen      total 278528K, used 278522K [0x00000000d5580000, 0x00000000e8180000, 0x0000000100000000)
  eden space 259584K, 100% used [0x00000000d5580000,0x00000000e5300000,0x00000000e5300000)
  from space 18944K, 99% used [0x00000000e5c80000,0x00000000e6efea70,0x00000000e6f00000)
  to   space 16384K, 99% used [0x00000000e7180000,0x00000000e81781b0,0x00000000e8180000)
 ParOldGen       total 119808K, used 119417K [0x0000000080000000, 0x0000000087500000, 0x00000000d5580000)
  object space 119808K, 99% used [0x0000000080000000,0x000000008749e660,0x0000000087500000)
 Metaspace       used 84715K, capacity 90682K, committed 90776K, reserved 1126400K
  class space    used 11740K, capacity 12894K, committed 12976K, reserved 1048576K
}
Event: 23.381 GC heap before
{Heap before GC invocations=22 (full 4):
 PSYoungGen      total 278528K, used 278522K [0x00000000d5580000, 0x00000000e8180000, 0x0000000100000000)
  eden space 259584K, 100% used [0x00000000d5580000,0x00000000e5300000,0x00000000e5300000)
  from space 18944K, 99% used [0x00000000e5c80000,0x00000000e6efea70,0x00000000e6f00000)
  to   space 16384K, 99% used [0x00000000e7180000,0x00000000e81781b0,0x00000000e8180000)
 ParOldGen       total 119808K, used 119417K [0x0000000080000000, 0x0000000087500000, 0x00000000d5580000)
  object space 119808K, 99% used [0x0000000080000000,0x000000008749e660,0x0000000087500000)
 Metaspace       used 84715K, capacity 90682K, committed 90776K, reserved 1126400K
  class space    used 11740K, capacity 12894K, committed 12976K, reserved 1048576K
Event: 24.558 GC heap after
Heap after GC invocations=22 (full 4):
 PSYoungGen      total 278528K, used 0K [0x00000000d5580000, 0x00000000e8180000, 0x0000000100000000)
  eden space 259584K, 0% used [0x00000000d5580000,0x00000000d5580000,0x00000000e5300000)
  from space 18944K, 0% used [0x00000000e5c80000,0x00000000e5c80000,0x00000000e6f00000)
  to   space 16384K, 0% used [0x00000000e7180000,0x00000000e7180000,0x00000000e8180000)
 ParOldGen       total 119808K, used 117299K [0x0000000080000000, 0x0000000087500000, 0x00000000d5580000)
  object space 119808K, 97% used [0x0000000080000000,0x000000008728cfd8,0x0000000087500000)
 Metaspace       used 83555K, capacity 87816K, committed 90776K, reserved 1126400K
  class space    used 11334K, capacity 12171K, committed 12976K, reserved 1048576K
}
Event: 25.389 GC heap before
{Heap before GC invocations=23 (full 5):
 PSYoungGen      total 278528K, used 259584K [0x00000000d5580000, 0x00000000e8180000, 0x0000000100000000)
  eden space 259584K, 100% used [0x00000000d5580000,0x00000000e5300000,0x00000000e5300000)
  from space 18944K, 0% used [0x00000000e5c80000,0x00000000e5c80000,0x00000000e6f00000)
  to   space 16384K, 0% used [0x00000000e7180000,0x00000000e7180000,0x00000000e8180000)
 ParOldGen       total 119808K, used 117456K [0x0000000080000000, 0x0000000087500000, 0x00000000d5580000)
  object space 119808K, 98% used [0x0000000080000000,0x00000000872b4180,0x0000000087500000)
 Metaspace       used 84065K, capacity 88514K, committed 91288K, reserved 1128448K
  class space    used 11425K, capacity 12266K, committed 12976K, reserved 1048576K
Event: 25.684 GC heap after
Heap after GC invocations=23 (full 5):
 PSYoungGen      total 278528K, used 0K [0x00000000d5580000, 0x00000000e8180000, 0x0000000100000000)
  eden space 259584K, 0% used [0x00000000d5580000,0x00000000d5580000,0x00000000e5300000)
  from space 18944K, 0% used [0x00000000e5c80000,0x00000000e5c80000,0x00000000e6f00000)
  to   space 16384K, 0% used [0x00000000e7180000,0x00000000e7180000,0x00000000e8180000)
 ParOldGen       total 119808K, used 118368K [0x0000000080000000, 0x0000000087500000, 0x00000000d5580000)
  object space 119808K, 98% used [0x0000000080000000,0x00000000873982f0,0x0000000087500000)
 Metaspace       used 84046K, capacity 88452K, committed 91288K, reserved 1128448K
  class space    used 11419K, capacity 12255K, committed 12976K, reserved 1048576K
}
Event: 26.324 GC heap before
{Heap before GC invocations=24 (full 6):
 PSYoungGen      total 278528K, used 259584K [0x00000000d5580000, 0x00000000e8180000, 0x0000000100000000)
  eden space 259584K, 100% used [0x00000000d5580000,0x00000000e5300000,0x00000000e5300000)
  from space 18944K, 0% used [0x00000000e5c80000,0x00000000e5c80000,0x00000000e6f00000)
  to   space 16384K, 0% used [0x00000000e7180000,0x00000000e7180000,0x00000000e8180000)
 ParOldGen       total 119808K, used 118370K [0x0000000080000000, 0x0000000087500000, 0x00000000d5580000)
  object space 119808K, 98% used [0x0000000080000000,0x0000000087398998,0x0000000087500000)
 Metaspace       used 84563K, capacity 89042K, committed 91800K, reserved 1128448K
  class space    used 11430K, capacity 12262K, committed 12976K, reserved 1048576K
Event: 26.628 GC heap after
Heap after GC invocations=24 (full 6):
 PSYoungGen      total 278528K, used 0K [0x00000000d5580000, 0x00000000e8180000, 0x0000000100000000)
  eden space 259584K, 0% used [0x00000000d5580000,0x00000000d5580000,0x00000000e5300000)
  from space 18944K, 0% used [0x00000000e5c80000,0x00000000e5c80000,0x00000000e6f00000)
  to   space 16384K, 0% used [0x00000000e7180000,0x00000000e7180000,0x00000000e8180000)
 ParOldGen       total 119808K, used 109196K [0x0000000080000000, 0x0000000087500000, 0x00000000d5580000)
  object space 119808K, 91% used [0x0000000080000000,0x0000000086aa3108,0x0000000087500000)
 Metaspace       used 84563K, capacity 89042K, committed 91800K, reserved 1128448K
  class space    used 11430K, capacity 12262K, committed 12976K, reserved 1048576K
}

