# JRE version: OpenJDK Runtime Environment (8.0_242-b01) (build 1.8.0_242-release-1644-b01)
# Java VM: OpenJDK 64-Bit Server VM (25.242-b01 mixed mode windows-amd64 compressed oops)
Heap:
 PSYoungGen      total 317952K, used 163923K [0x00000000d5580000, 0x00000000eb900000, 0x0000000100000000)
  eden space 272896K, 45% used [0x00000000d5580000,0x00000000dcea88a8,0x00000000e6000000)
  from space 45056K, 88% used [0x00000000e6000000,0x00000000e86ec5b8,0x00000000e8c00000)
  to   space 44544K, 0% used [0x00000000e8c00000,0x00000000e8c00000,0x00000000eb780000)
 ParOldGen       total 132608K, used 92039K [0x0000000080000000, 0x0000000088180000, 0x00000000d5580000)
  object space 132608K, 69% used [0x0000000080000000,0x00000000859e1e50,0x0000000088180000)
 Metaspace       used 84605K, capacity 89132K, committed 90776K, reserved 1128448K
  class space    used 11352K, capacity 12209K, committed 12720K, reserved 1048576K
GC Heap History (10 events):
Event: 30.240 GC heap before
{Heap before GC invocations=32 (full 17):
 PSYoungGen      total 282624K, used 259072K [0x00000000d5580000, 0x00000000ecc80000, 0x0000000100000000)
  eden space 259072K, 100% used [0x00000000d5580000,0x00000000e5280000,0x00000000e5280000)
  from space 23552K, 0% used [0x00000000e5280000,0x00000000e5280000,0x00000000e6980000)
  to   space 35328K, 0% used [0x00000000eaa00000,0x00000000eaa00000,0x00000000ecc80000)
 ParOldGen       total 132608K, used 103944K [0x0000000080000000, 0x0000000088180000, 0x00000000d5580000)
  object space 132608K, 78% used [0x0000000080000000,0x0000000086582090,0x0000000088180000)
 Metaspace       used 84414K, capacity 88946K, committed 90776K, reserved 1128448K
  class space    used 11340K, capacity 12200K, committed 12720K, reserved 1048576K
Event: 30.522 GC heap after
Heap after GC invocations=32 (full 17):
 PSYoungGen      total 282624K, used 0K [0x00000000d5580000, 0x00000000ecc80000, 0x0000000100000000)
  eden space 259072K, 0% used [0x00000000d5580000,0x00000000d5580000,0x00000000e5280000)
  from space 23552K, 0% used [0x00000000e5280000,0x00000000e5280000,0x00000000e6980000)
  to   space 35328K, 0% used [0x00000000eaa00000,0x00000000eaa00000,0x00000000ecc80000)
 ParOldGen       total 132608K, used 92031K [0x0000000080000000, 0x0000000088180000, 0x00000000d5580000)
  object space 132608K, 69% used [0x0000000080000000,0x00000000859dfe50,0x0000000088180000)
 Metaspace       used 84414K, capacity 88946K, committed 90776K, reserved 1128448K
  class space    used 11340K, capacity 12200K, committed 12720K, reserved 1048576K
}
Event: 31.411 GC heap before
{Heap before GC invocations=33 (full 17):
 PSYoungGen      total 282624K, used 259072K [0x00000000d5580000, 0x00000000ecc80000, 0x0000000100000000)
  eden space 259072K, 100% used [0x00000000d5580000,0x00000000e5280000,0x00000000e5280000)
  from space 23552K, 0% used [0x00000000e5280000,0x00000000e5280000,0x00000000e6980000)
  to   space 35328K, 0% used [0x00000000eaa00000,0x00000000eaa00000,0x00000000ecc80000)
 ParOldGen       total 132608K, used 92031K [0x0000000080000000, 0x0000000088180000, 0x00000000d5580000)
  object space 132608K, 69% used [0x0000000080000000,0x00000000859dfe50,0x0000000088180000)
 Metaspace       used 84419K, capacity 88946K, committed 90776K, reserved 1128448K
  class space    used 11340K, capacity 12200K, committed 12720K, reserved 1048576K
Event: 31.422 GC heap after
Heap after GC invocations=33 (full 17):
 PSYoungGen      total 280064K, used 5227K [0x00000000d5580000, 0x00000000eb600000, 0x0000000100000000)
  eden space 267776K, 0% used [0x00000000d5580000,0x00000000d5580000,0x00000000e5b00000)
  from space 12288K, 42% used [0x00000000eaa00000,0x00000000eaf1aee0,0x00000000eb600000)
  to   space 46592K, 0% used [0x00000000e5b00000,0x00000000e5b00000,0x00000000e8880000)
 ParOldGen       total 132608K, used 92031K [0x0000000080000000, 0x0000000088180000, 0x00000000d5580000)
  object space 132608K, 69% used [0x0000000080000000,0x00000000859dfe50,0x0000000088180000)
 Metaspace       used 84419K, capacity 88946K, committed 90776K, reserved 1128448K
  class space    used 11340K, capacity 12200K, committed 12720K, reserved 1048576K
}
Event: 32.302 GC heap before
{Heap before GC invocations=34 (full 17):
 PSYoungGen      total 280064K, used 273003K [0x00000000d5580000, 0x00000000eb600000, 0x0000000100000000)
  eden space 267776K, 100% used [0x00000000d5580000,0x00000000e5b00000,0x00000000e5b00000)
  from space 12288K, 42% used [0x00000000eaa00000,0x00000000eaf1aee0,0x00000000eb600000)
  to   space 46592K, 0% used [0x00000000e5b00000,0x00000000e5b00000,0x00000000e8880000)
 ParOldGen       total 132608K, used 92031K [0x0000000080000000, 0x0000000088180000, 0x00000000d5580000)
  object space 132608K, 69% used [0x0000000080000000,0x00000000859dfe50,0x0000000088180000)
 Metaspace       used 84455K, capacity 88946K, committed 90776K, reserved 1128448K
  class space    used 11340K, capacity 12200K, committed 12720K, reserved 1048576K
Event: 32.318 GC heap after
Heap after GC invocations=34 (full 17):
 PSYoungGen      total 314368K, used 13224K [0x00000000d5580000, 0x00000000eb780000, 0x0000000100000000)
  eden space 267776K, 0% used [0x00000000d5580000,0x00000000d5580000,0x00000000e5b00000)
  from space 46592K, 28% used [0x00000000e5b00000,0x00000000e67ea258,0x00000000e8880000)
  to   space 44544K, 0% used [0x00000000e8c00000,0x00000000e8c00000,0x00000000eb780000)
 ParOldGen       total 132608K, used 92031K [0x0000000080000000, 0x0000000088180000, 0x00000000d5580000)
  object space 132608K, 69% used [0x0000000080000000,0x00000000859dfe50,0x0000000088180000)
 Metaspace       used 84455K, capacity 88946K, committed 90776K, reserved 1128448K
  class space    used 11340K, capacity 12200K, committed 12720K, reserved 1048576K
}
Event: 33.559 GC heap before
{Heap before GC invocations=35 (full 17):
 PSYoungGen      total 314368K, used 281000K [0x00000000d5580000, 0x00000000eb780000, 0x0000000100000000)
  eden space 267776K, 100% used [0x00000000d5580000,0x00000000e5b00000,0x00000000e5b00000)
  from space 46592K, 28% used [0x00000000e5b00000,0x00000000e67ea258,0x00000000e8880000)
  to   space 44544K, 0% used [0x00000000e8c00000,0x00000000e8c00000,0x00000000eb780000)
 ParOldGen       total 132608K, used 92031K [0x0000000080000000, 0x0000000088180000, 0x00000000d5580000)
  object space 132608K, 69% used [0x0000000080000000,0x00000000859dfe50,0x0000000088180000)
 Metaspace       used 84535K, capacity 89038K, committed 90776K, reserved 1128448K
  class space    used 11343K, capacity 12204K, committed 12720K, reserved 1048576K
Event: 33.601 GC heap after
Heap after GC invocations=35 (full 17):
 PSYoungGen      total 317440K, used 25223K [0x00000000d5580000, 0x00000000eb900000, 0x0000000100000000)
  eden space 272896K, 0% used [0x00000000d5580000,0x00000000d5580000,0x00000000e6000000)
  from space 44544K, 56% used [0x00000000e8c00000,0x00000000ea4a1d10,0x00000000eb780000)
  to   space 45056K, 0% used [0x00000000e6000000,0x00000000e6000000,0x00000000e8c00000)
 ParOldGen       total 132608K, used 92039K [0x0000000080000000, 0x0000000088180000, 0x00000000d5580000)
  object space 132608K, 69% used [0x0000000080000000,0x00000000859e1e50,0x0000000088180000)
 Metaspace       used 84535K, capacity 89038K, committed 90776K, reserved 1128448K
  class space    used 11343K, capacity 12204K, committed 12720K, reserved 1048576K
}
Event: 34.408 GC heap before
{Heap before GC invocations=36 (full 17):
 PSYoungGen      total 317440K, used 298119K [0x00000000d5580000, 0x00000000eb900000, 0x0000000100000000)
  eden space 272896K, 100% used [0x00000000d5580000,0x00000000e6000000,0x00000000e6000000)
  from space 44544K, 56% used [0x00000000e8c00000,0x00000000ea4a1d10,0x00000000eb780000)
  to   space 45056K, 0% used [0x00000000e6000000,0x00000000e6000000,0x00000000e8c00000)
 ParOldGen       total 132608K, used 92039K [0x0000000080000000, 0x0000000088180000, 0x00000000d5580000)
  object space 132608K, 69% used [0x0000000080000000,0x00000000859e1e50,0x0000000088180000)
 Metaspace       used 84603K, capacity 89132K, committed 90776K, reserved 1128448K
  class space    used 11352K, capacity 12209K, committed 12720K, reserved 1048576K
Event: 34.457 GC heap after
Heap after GC invocations=36 (full 17):
 PSYoungGen      total 317952K, used 39857K [0x00000000d5580000, 0x00000000eb900000, 0x0000000100000000)
  eden space 272896K, 0% used [0x00000000d5580000,0x00000000d5580000,0x00000000e6000000)
  from space 45056K, 88% used [0x00000000e6000000,0x00000000e86ec5b8,0x00000000e8c00000)
  to   space 44544K, 0% used [0x00000000e8c00000,0x00000000e8c00000,0x00000000eb780000)
 ParOldGen       total 132608K, used 92039K [0x0000000080000000, 0x0000000088180000, 0x00000000d5580000)
  object space 132608K, 69% used [0x0000000080000000,0x00000000859e1e50,0x0000000088180000)
 Metaspace       used 84603K, capacity 89132K, committed 90776K, reserved 1128448K
  class space    used 11352K, capacity 12209K, committed 12720K, reserved 1048576K
}

